<?xml version="1.0" encoding="UTF-8"?>
<Site BuildName="(empty)"
	BuildStamp="20240106-1027-Experimental"
	Name="(empty)"
	Generator="ctest-3.22.1"
	CompilerName=""
	CompilerVersion=""
	OSName="Linux"
	Hostname="KOMPUTER"
	OSRelease="5.15.133.1-microsoft-standard-WSL2"
	OSVersion="#1 SMP Thu Oct 5 21:02:42 UTC 2023"
	OSPlatform="x86_64"
	Is64Bits="1"
	VendorString="AuthenticAMD"
	VendorID="Advanced Micro Devices"
	FamilyID="25"
	ModelID="80"
	ProcessorCacheSize="512"
	NumberOfLogicalCPU="16"
	NumberOfPhysicalCPU="8"
	TotalVirtualMemory="8192"
	TotalPhysicalMemory="31802"
	LogicalProcessorsPerPhysical="2"
	ProcessorClockFrequency="3792.73"
	>
	<Testing>
		<StartDateTime>Jan 06 13:27 MSK</StartDateTime>
		<StartTestTime>1704536840</StartTestTime>
		<TestList/>
		<EndDateTime>Jan 06 13:27 MSK</EndDateTime>
		<EndTestTime>1704536840</EndTestTime>
		<ElapsedMinutes>0</ElapsedMinutes>
	</Testing>
</Site>
